2012-09-02 18:40:54,919 INFO Controlling Lights 1,on
2012-09-02 19:34:27,056 INFO Controlling Lights 1,on
2012-09-02 19:34:49,748 INFO Controlling Lights 1,on
2012-09-02 19:49:08,061 INFO Controlling Lights 1,on
2012-09-02 19:49:08,061 INFO Text Message: Test User -  
2012-09-02 19:50:27,588 INFO Controlling Lights 1,on
2012-09-02 19:50:27,588 INFO Text Message: Test User -  
2012-09-02 19:50:47,227 INFO Controlling Lights 1,on
2012-09-02 19:50:47,227 INFO Text Message: Test User -  
2012-09-02 19:53:14,861 INFO Controlling Lights 1,on
2012-09-02 19:53:14,862 INFO Text Message: Test User -  
2012-09-02 19:54:10,040 INFO Controlling Lights 1,on
2012-09-02 19:54:10,040 INFO Text Message: Test User -  Hey! I just met you. This is crazy. Call me maybe x
2012-09-02 19:54:20,281 INFO Controlling Lights 1,on
2012-09-02 19:54:20,281 INFO Text Message: Test User - Hey! I just met you. This is crazy. Call me maybe x
2012-09-02 19:56:56,900 INFO Controlling Lights 1,on
2012-09-02 19:56:57,035 INFO Text Message: Test User - Hey! I just met you. This is crazy. Call me maybe x
2012-09-02 19:58:20,504 INFO Controlling Lights 1,on
2012-09-02 19:58:28,938 INFO Controlling Lights 1,on
2012-09-02 19:58:29,035 INFO Text Message: Test User - Hey! I just met you. This is crazy. Call me maybe x
2012-09-02 19:58:47,223 INFO Controlling Lights 1,on
2012-09-02 19:58:47,253 INFO Text Message: Test User - Hey! I just met you. This is crazy. Call me maybe x
2012-09-02 19:59:13,035 INFO Controlling Lights 1,on
2012-09-02 19:59:13,130 INFO Text Message: Test User - Hey! I just met you. This is crazy. Call me maybe x
2012-09-02 20:06:26,526 INFO Text Message: Scott Thomson - %MMSRS
2012-09-02 20:12:35,868 INFO Text Message: Scott Thomson - Hello
2012-09-02 20:37:51,891 INFO Controlling Lights 2,on
2012-09-03 21:23:15,843 INFO Controlling Lights 2,on
2012-09-03 21:23:40,353 INFO Controlling Lights 2,on
2012-09-03 21:24:03,247 INFO Controlling Lights 2,on
2012-09-08 14:38:36,681 INFO Controlling Lights 2,on
2012-09-08 14:54:04,410 INFO Controlling Lights 2,on
2012-09-08 14:58:37,703 INFO Controlling Lights 2,on
2012-09-08 14:59:08,387 INFO Controlling Lights 0,off
2012-09-08 14:59:36,065 INFO Controlling Lights 1,off
2012-09-08 14:59:46,690 INFO Controlling Lights 1,on
2012-09-08 16:16:35,139 INFO Controlling Lights 0,on
2012-09-08 16:18:59,547 INFO Controlling Lights 0,on
2012-09-08 16:19:49,877 INFO Controlling Lights 0,on
2012-09-08 16:19:58,490 INFO Controlling Lights 0,off
2012-09-08 16:20:09,105 INFO Controlling Lights 0,on
2012-09-08 16:20:15,661 INFO Controlling Lights 0,off
